Arguments: 
  /home/ob-sc/.nvm/versions/node/v12.14.0/bin/node /mnt/c/Program Files (x86)/Yarn/bin/yarn.js run version minor -m abrechnungszeitraum 18-17

PATH: 
  /home/ob-sc/.vscode-server/bin/ae08d5460b5a45169385ff3fd44208f431992451/bin:/home/ob-sc/.nvm/versions/node/v12.14.0/bin:/usr/local/sbin:/usr/local/bin:/usr/sbin:/usr/bin:/sbin:/bin:/usr/games:/usr/local/games:/mnt/c/Program Files (x86)/Common Files/Oracle/Java/javapath:/mnt/c/Program Files (x86)/Intel/Intel(R) Management Engine Components/iCLS/:/mnt/c/Program Files/Intel/Intel(R) Management Engine Components/iCLS/:/mnt/c/WINDOWS/system32:/mnt/c/WINDOWS:/mnt/c/WINDOWS/System32/Wbem:/mnt/c/WINDOWS/System32/WindowsPowerShell/v1.0/:/mnt/c/WINDOWS/System32/OpenSSH/:/mnt/c/Program Files (x86)/Intel/Intel(R) Management Engine Components/DAL:/mnt/c/Program Files/Intel/Intel(R) Management Engine Components/DAL:/mnt/c/Program Files (x86)/Intel/Intel(R) Management Engine Components/IPT:/mnt/c/Program Files/Intel/Intel(R) Management Engine Components/IPT:/mnt/c/Program Files/Intel/WiFi/bin/:/mnt/c/Program Files/Common Files/Intel/WirelessCommon/:/mnt/c/Program Files/putty/:/%appdata%/npm:/mnt/c/Program Files/nodejs/:/mnt/c/ProgramData/chocolatey/bin:/mnt/c/Program Files (x86)/Yarn/bin/:/mnt/c/Program Files (x86)/Plantronics/Spokes3G/:/mnt/c/Program Files/Git/cmd:/mnt/c/Program Files/MySQL/MySQL Shell 8.0/bin/:/mnt/c/Users/Ole/AppData/Local/Programs/Microsoft VS Code/bin:/mnt/c/PHP7:/mnt/c/Users/Ole/AppData/Local/GitHubDesktop/bin:/mnt/c/Users/Ole/AppData/Local/Microsoft/WindowsApps:/mnt/c/Users/Ole/AppData/Local/Android/Sdk/platform-tools:/mnt/c/Users/Ole/AppData/Local/Yarn/bin:/snap/bin

Yarn version: 
  1.19.1

Node version: 
  12.14.0

Platform: 
  linux x64

Trace: 
  Invariant Violation: Script must exist
      at invariant (/mnt/c/Program Files (x86)/Yarn/lib/cli.js:2314:15)
      at /mnt/c/Program Files (x86)/Yarn/lib/cli.js:61474:11
      at Generator.next (<anonymous>)
      at step (/mnt/c/Program Files (x86)/Yarn/lib/cli.js:304:30)
      at /mnt/c/Program Files (x86)/Yarn/lib/cli.js:322:14
      at new Promise (<anonymous>)
      at new F (/mnt/c/Program Files (x86)/Yarn/lib/cli.js:5301:28)
      at /mnt/c/Program Files (x86)/Yarn/lib/cli.js:301:12
      at realRunCommand (/mnt/c/Program Files (x86)/Yarn/lib/cli.js:61546:23)
      at action.action (/mnt/c/Program Files (x86)/Yarn/lib/cli.js:61607:16)

npm manifest: 
  {
    "name": "zeiterfassung",
    "version": "1.2.4",
    "private": true,
    "description": "",
    "main": "index.js",
    "scripts": {
      "clean": "cd public && rm -rf *.html js css abrechnung aushilfen auswerten eintragen mitarbeiter readme zeiten lohnbuero",
      "postclean": "cd public && mkdir js css abrechnung aushilfen auswerten eintragen mitarbeiter readme zeiten lohnbuero",
      "php": "cd public && php -S localhost:8000",
      "start": "webpack-dev-server --config webpack.dev.js",
      "dev": "npm run clean && webpack --config webpack.dev.js",
      "test": "eslint src/js",
      "prebuild": "npm run clean && npm test",
      "build": "webpack --config webpack.prod.js",
      "stable": "git checkout stable && git merge master && git push && git checkout master",
      "preversion": "npm test",
      "version": "",
      "postversion": "git push && git push --tags"
    },
    "repository": {
      "type": "git",
      "url": "git+https://github.com/ob-sc/zeiterfassung.git"
    },
    "author": "",
    "license": "ISC",
    "dependencies": {
      "@tarekraafat/autocomplete.js": "^7.2.0",
      "bootstrap": "^4.4.1",
      "datatables.net": "^1.10.20",
      "datatables.net-bs4": "^1.10.20",
      "jquery": "^3.4.1",
      "jspdf": "^1.5.3",
      "jspdf-autotable": "^3.2.11",
      "lodash.sortby": "^4.7.0",
      "moment": "^2.24.0",
      "popper.js": "^1.16.0",
      "xlsx": "^0.15.4"
    },
    "devDependencies": {
      "css-loader": "^3.4.0",
      "eslint": "^6.8.0",
      "eslint-config-airbnb-base": "^14.0.0",
      "eslint-config-prettier": "^6.9.0",
      "eslint-plugin-import": "^2.19.1",
      "eslint-plugin-prettier": "^3.1.2",
      "handlebars": "^4.5.3",
      "handlebars-loader": "^1.7.1",
      "html-webpack-plugin": "^3.2.0",
      "mini-css-extract-plugin": "^0.8.2",
      "moment-locales-webpack-plugin": "^1.1.2",
      "optimize-css-assets-webpack-plugin": "^5.0.3",
      "prettier": "^1.18.2",
      "terser-webpack-plugin": "^2.3.1",
      "webpack": "^4.41.5",
      "webpack-cli": "^3.3.10",
      "webpack-dev-server": "^3.10.1",
      "webpack-merge": "^4.2.2"
    }
  }

yarn manifest: 
  No manifest

Lockfile: 
  No lockfile
